<?xml version="1.0" encoding="UTF-8"?>
<!-- Generated by org.testng.reporters.JUnitReportReporter -->
<testsuite hostname="DESKTOP-68BCR7S" failures="0" tests="3" name="com.gentech.conditions.Users" time="0.007" errors="0" timestamp="2023-10-26T12:18:59 IST" skipped="0">
  <testcase classname="com.gentech.conditions.Users" name="createUser" time="0.005"/>
  <system-out/>
  <testcase classname="com.gentech.conditions.Users" name="modifyUser" time="0.001"/>
  <system-out/>
  <testcase classname="com.gentech.conditions.Users" name="deleteUser" time="0.001"/>
  <system-out/>
</testsuite> <!-- com.gentech.conditions.Users -->
