<?xml version="1.0" encoding="UTF-8"?>
<!-- Generated by org.testng.reporters.JUnitReportReporter -->
<testsuite hostname="DESKTOP-68BCR7S" failures="0" tests="1" name="com.gentech.products.Products" time="0.001" errors="0" timestamp="2023-10-26T12:09:36 IST" skipped="0">
  <testcase classname="com.gentech.products.Products" name="createProduct" time="0.001"/>
  <system-out/>
</testsuite> <!-- com.gentech.products.Products -->
