<?xml version="1.0" encoding="UTF-8"?>
<!-- Generated by org.testng.reporters.JUnitReportReporter -->
<testsuite hostname="DESKTOP-68BCR7S" failures="0" tests="2" name="com.gentech.summary.AnnotationsSummary" time="0.011" errors="0" timestamp="2023-10-26T12:48:37 IST" skipped="0">
  <testcase classname="com.gentech.summary.AnnotationsSummary" name="method1" time="0.007"/>
  <system-out/>
  <testcase classname="com.gentech.summary.AnnotationsSummary" name="method2" time="0.004"/>
  <system-out/>
</testsuite> <!-- com.gentech.summary.AnnotationsSummary -->
