<?xml version="1.0" encoding="UTF-8"?>
<!-- Generated by org.testng.reporters.JUnitReportReporter -->
<testsuite hostname="DESKTOP-68BCR7S" failures="0" tests="1" name="com.gentech.users.Users" time="0.006" errors="0" timestamp="2023-10-26T12:09:36 IST" skipped="0">
  <testcase classname="com.gentech.users.Users" name="createUser" time="0.006"/>
  <system-out/>
</testsuite> <!-- com.gentech.users.Users -->
