<?xml version="1.0" encoding="UTF-8"?>
<!-- Generated by org.testng.reporters.JUnitReportReporter -->
<testsuite hostname="DESKTOP-68BCR7S" failures="0" tests="4" name="com.gentech.tests.testcases.Testcases" time="0.012" errors="0" timestamp="2023-10-26T13:58:30 IST" skipped="0">
  <testcase classname="com.gentech.tests.testcases.Testcases" name="method3" time="0.002"/>
  <system-out/>
  <testcase classname="com.gentech.tests.testcases.Testcases" name="method4" time="0.001"/>
  <system-out/>
  <testcase classname="com.gentech.tests.testcases.Testcases" name="method2" time="0.001"/>
  <system-out/>
  <testcase classname="com.gentech.tests.testcases.Testcases" name="method1" time="0.008"/>
  <system-out/>
</testsuite> <!-- com.gentech.tests.testcases.Testcases -->
