<?xml version="1.0" encoding="UTF-8"?>
<!-- Generated by org.testng.reporters.JUnitReportReporter -->
<testsuite hostname="DESKTOP-68BCR7S" failures="0" tests="1" name="com.gentech.tests.csvdemo.CSVReadContentDemo" time="0.021" errors="0" timestamp="2023-10-31T12:25:06 IST" skipped="0">
  <testcase classname="com.gentech.tests.csvdemo.CSVReadContentDemo" name="readContent" time="0.021"/>
  <system-out/>
</testsuite> <!-- com.gentech.tests.csvdemo.CSVReadContentDemo -->
