<?xml version="1.0" encoding="UTF-8"?>
<!-- Generated by org.testng.reporters.JUnitReportReporter -->
<testsuite hostname="DESKTOP-68BCR7S" failures="0" tests="2" name="com.gentech.tests.csvdemo.CSVWriteContentDemo" time="0.011" errors="0" timestamp="2023-10-31T12:16:51 IST" skipped="1">
  <testcase classname="com.gentech.tests.csvdemo.CSVWriteContentDemo" name="writeContent2" time="0.011"/>
  <system-out/>
  <testcase classname="com.gentech.tests.csvdemo.CSVWriteContentDemo" name="writeContent">
    <skipped/>
  </testcase> <!-- writeContent -->
  <system-out/>
</testsuite> <!-- com.gentech.tests.csvdemo.CSVWriteContentDemo -->
